0 info it worked if it ends with ok
1 verbose cli [ '/usr/bin/nodejs', '/usr/bin/npm', 'install', '../jsmf-check' ]
2 info using npm@1.3.10
3 info using node@v0.10.25
4 warn package.json eyes@0.1.8 No repository field.
5 verbose readDependencies using package.json deps
6 verbose cache add [ '../jsmf-check', null ]
7 verbose cache add name=undefined spec="../jsmf-check" args=["../jsmf-check",null]
8 verbose parsed url { protocol: null,
8 verbose parsed url   slashes: null,
8 verbose parsed url   auth: null,
8 verbose parsed url   host: null,
8 verbose parsed url   port: null,
8 verbose parsed url   hostname: null,
8 verbose parsed url   hash: null,
8 verbose parsed url   search: null,
8 verbose parsed url   query: null,
8 verbose parsed url   pathname: '../jsmf-check',
8 verbose parsed url   path: '../jsmf-check',
8 verbose parsed url   href: '../jsmf-check' }
9 silly lockFile f567783f-jsmf-check ../jsmf-check
10 verbose lock ../jsmf-check /home/biri/.npm/f567783f-jsmf-check.lock
11 info maybeGithub Attempting ../jsmf-check from git://github.com/../jsmf-check
12 silly lockFile c282074d-git-github-com-jsmf-check git://github.com/../jsmf-check
13 verbose lock git://github.com/../jsmf-check /home/biri/.npm/c282074d-git-github-com-jsmf-check.lock
14 verbose addRemoteGit [ 'git://github.com/../jsmf-check', 'master' ]
15 verbose git clone git://github.com/../jsmf-check Cloning into bare repository '/home/biri/.npm/_git-remotes/git-github-com-jsmf-check-c282074d'...
15 verbose git clone git://github.com/../jsmf-check fatal: remote error:
15 verbose git clone git://github.com/../jsmf-check   Repository not found.
16 silly lockFile c282074d-git-github-com-jsmf-check git://github.com/../jsmf-check
17 silly lockFile c282074d-git-github-com-jsmf-check git://github.com/../jsmf-check
18 info maybeGithub Attempting ../jsmf-check from git+ssh://git@github.com:../jsmf-check
19 silly lockFile 8b2948ff-it-ssh-git-github-com-jsmf-check git+ssh://git@github.com:../jsmf-check
20 verbose lock git+ssh://git@github.com:../jsmf-check /home/biri/.npm/8b2948ff-it-ssh-git-github-com-jsmf-check.lock
21 verbose addRemoteGit [ 'git@github.com:../jsmf-check', 'master' ]
22 error git clone git@github.com:../jsmf-check Cloning into bare repository '/home/biri/.npm/_git-remotes/git-github-com-jsmf-check-436420df'...
22 error git clone git@github.com:../jsmf-check Warning: Permanently added the RSA host key for IP address '192.30.252.130' to the list of known hosts.
22 error git clone git@github.com:../jsmf-check Permission denied (publickey).
22 error git clone git@github.com:../jsmf-check fatal: Could not read from remote repository.
22 error git clone git@github.com:../jsmf-check
22 error git clone git@github.com:../jsmf-check Please make sure you have the correct access rights
22 error git clone git@github.com:../jsmf-check and the repository exists.
23 silly lockFile 436420df-git-github-com-jsmf-check git@github.com:../jsmf-check
24 silly lockFile f567783f-jsmf-check ../jsmf-check
25 silly lockFile f567783f-jsmf-check ../jsmf-check
26 error addLocal Could not install ../jsmf-check
27 error Error: ENOENT, stat '../jsmf-check'
28 error If you need help, you may report this log at:
28 error     <http://github.com/isaacs/npm/issues>
28 error or email it to:
28 error     <npm-@googlegroups.com>
29 error System Linux 3.19.0-43-generic
30 error command "/usr/bin/nodejs" "/usr/bin/npm" "install" "../jsmf-check"
31 error cwd /home/biri/jsmf/jsmf/examples/FSM
32 error node -v v0.10.25
33 error npm -v 1.3.10
34 error path ../jsmf-check
35 error code ENOENT
36 error errno 34
37 verbose exit [ 34, true ]
